This file contains any messages produced by compilers while
running configure, to aid debugging if configure makes a mistake.

It was created by jsonrpc-c configure 0.1, which was
generated by GNU Autoconf 2.69.  Invocation command line was

  $ ./configure 

## --------- ##
## Platform. ##
## --------- ##

hostname = alvinganteng-VirtualBox
uname -m = x86_64
uname -r = 3.19.0-25-generic
uname -s = Linux
uname -v = #26~14.04.1-Ubuntu SMP Fri Jul 24 21:16:20 UTC 2015

/usr/bin/uname -p = unknown
/bin/uname -X     = unknown

/bin/arch              = unknown
/usr/bin/arch -k       = unknown
/usr/convex/getsysinfo = unknown
/usr/bin/hostinfo      = unknown
/bin/machine           = unknown
/usr/bin/oslevel       = unknown
/bin/universe          = unknown

PATH: /usr/local/sbin
PATH: /usr/local/bin
PATH: /usr/sbin
PATH: /usr/bin
PATH: /sbin
PATH: /bin
PATH: /usr/games
PATH: /usr/local/games


## ----------- ##
## Core tests. ##
## ----------- ##

configure:2279: checking for gcc
configure:2295: found /usr/bin/gcc
configure:2306: result: gcc
configure:2535: checking for C compiler version
configure:2544: gcc --version >&5
gcc (Ubuntu 4.8.4-2ubuntu1~14.04) 4.8.4
Copyright (C) 2013 Free Software Foundation, Inc.
This is free software; see the source for copying conditions.  There is NO
warranty; not even for MERCHANTABILITY or FITNESS FOR A PARTICULAR PURPOSE.

configure:2555: $? = 0
configure:2544: gcc -v >&5
Using built-in specs.
COLLECT_GCC=gcc
COLLECT_LTO_WRAPPER=/usr/lib/gcc/x86_64-linux-gnu/4.8/lto-wrapper
Target: x86_64-linux-gnu
Configured with: ../src/configure -v --with-pkgversion='Ubuntu 4.8.4-2ubuntu1~14.04' --with-bugurl=file:///usr/share/doc/gcc-4.8/README.Bugs --enable-languages=c,c++,java,go,d,fortran,objc,obj-c++ --prefix=/usr --program-suffix=-4.8 --enable-shared --enable-linker-build-id --libexecdir=/usr/lib --without-included-gettext --enable-threads=posix --with-gxx-include-dir=/usr/include/c++/4.8 --libdir=/usr/lib --enable-nls --with-sysroot=/ --enable-clocale=gnu --enable-libstdcxx-debug --enable-libstdcxx-time=yes --enable-gnu-unique-object --disable-libmudflap --enable-plugin --with-system-zlib --disable-browser-plugin --enable-java-awt=gtk --enable-gtk-cairo --with-java-home=/usr/lib/jvm/java-1.5.0-gcj-4.8-amd64/jre --enable-java-home --with-jvm-root-dir=/usr/lib/jvm/java-1.5.0-gcj-4.8-amd64 --with-jvm-jar-dir=/usr/lib/jvm-exports/java-1.5.0-gcj-4.8-amd64 --with-arch-directory=amd64 --with-ecj-jar=/usr/share/java/eclipse-ecj.jar --enable-objc-gc --enable-multiarch --disable-werror --with-arch-32=i686 --with-abi=m64 --with-multilib-list=m32,m64,mx32 --with-tune=generic --enable-checking=release --build=x86_64-linux-gnu --host=x86_64-linux-gnu --target=x86_64-linux-gnu
Thread model: posix
gcc version 4.8.4 (Ubuntu 4.8.4-2ubuntu1~14.04) 
configure:2555: $? = 0
configure:2544: gcc -V >&5
gcc: error: unrecognized command line option '-V'
gcc: fatal error: no input files
compilation terminated.
configure:2555: $? = 4
configure:2544: gcc -qversion >&5
gcc: error: unrecognized command line option '-qversion'
gcc: fatal error: no input files
compilation terminated.
configure:2555: $? = 4
configure:2575: checking whether the C compiler works
configure:2597: gcc    conftest.c  >&5
configure:2601: $? = 0
configure:2649: result: yes
configure:2652: checking for C compiler default output file name
configure:2654: result: a.out
configure:2660: checking for suffix of executables
configure:2667: gcc -o conftest    conftest.c  >&5
configure:2671: $? = 0
configure:2693: result: 
configure:2715: checking whether we are cross compiling
configure:2723: gcc -o conftest    conftest.c  >&5
configure:2727: $? = 0
configure:2734: ./conftest
configure:2738: $? = 0
configure:2753: result: no
configure:2758: checking for suffix of object files
configure:2780: gcc -c   conftest.c >&5
configure:2784: $? = 0
configure:2805: result: o
configure:2809: checking whether we are using the GNU C compiler
configure:2828: gcc -c   conftest.c >&5
configure:2828: $? = 0
configure:2837: result: yes
configure:2846: checking whether gcc accepts -g
configure:2866: gcc -c -g  conftest.c >&5
configure:2866: $? = 0
configure:2907: result: yes
configure:2924: checking for gcc option to accept ISO C89
configure:2987: gcc  -c -g -O2  conftest.c >&5
configure:2987: $? = 0
configure:3000: result: none needed
configure:3025: checking whether gcc understands -c and -o together
configure:3047: gcc -c conftest.c -o conftest2.o
configure:3050: $? = 0
configure:3047: gcc -c conftest.c -o conftest2.o
configure:3050: $? = 0
configure:3062: result: yes
configure:3129: checking for ar
configure:3145: found /usr/bin/ar
configure:3156: result: ar
configure:3182: checking the archiver (ar) interface
configure:3198: gcc -c -g -O2  conftest.c >&5
configure:3198: $? = 0
configure:3200: ar cru libconftest.a conftest.o >&5
configure:3203: $? = 0
configure:3231: result: ar
configure:3309: checking build system type
configure:3323: result: x86_64-unknown-linux-gnu
configure:3343: checking host system type
configure:3356: result: x86_64-unknown-linux-gnu
configure:3397: checking how to print strings
configure:3424: result: printf
configure:3445: checking for a sed that does not truncate output
configure:3509: result: /bin/sed
configure:3527: checking for grep that handles long lines and -e
configure:3585: result: /bin/grep
configure:3590: checking for egrep
configure:3652: result: /bin/grep -E
configure:3657: checking for fgrep
configure:3719: result: /bin/grep -F
configure:3754: checking for ld used by gcc
configure:3821: result: /usr/bin/ld
configure:3828: checking if the linker (/usr/bin/ld) is GNU ld
configure:3843: result: yes
configure:3855: checking for BSD- or MS-compatible name lister (nm)
configure:3904: result: /usr/bin/nm -B
configure:4034: checking the name lister (/usr/bin/nm -B) interface
configure:4041: gcc -c -g -O2  conftest.c >&5
configure:4044: /usr/bin/nm -B "conftest.o"
configure:4047: output
0000000000000000 B some_variable
configure:4054: result: BSD nm
configure:4057: checking whether ln -s works
configure:4061: result: yes
configure:4069: checking the maximum length of command line arguments
configure:4200: result: 1572864
configure:4217: checking whether the shell understands some XSI constructs
configure:4227: result: yes
configure:4231: checking whether the shell understands "+="
configure:4237: result: yes
configure:4272: checking how to convert x86_64-unknown-linux-gnu file names to x86_64-unknown-linux-gnu format
configure:4312: result: func_convert_file_noop
configure:4319: checking how to convert x86_64-unknown-linux-gnu file names to toolchain format
configure:4339: result: func_convert_file_noop
configure:4346: checking for /usr/bin/ld option to reload object files
configure:4353: result: -r
configure:4427: checking for objdump
configure:4443: found /usr/bin/objdump
configure:4454: result: objdump
configure:4486: checking how to recognize dependent libraries
configure:4684: result: pass_all
configure:4769: checking for dlltool
configure:4799: result: no
configure:4829: checking how to associate runtime and link libraries
configure:4856: result: printf %s\n
configure:4980: checking for archiver @FILE support
configure:4997: gcc -c -g -O2  conftest.c >&5
configure:4997: $? = 0
configure:5000: ar cru libconftest.a @conftest.lst >&5
configure:5003: $? = 0
configure:5008: ar cru libconftest.a @conftest.lst >&5
ar: conftest.o: No such file or directory
configure:5011: $? = 1
configure:5023: result: @
configure:5081: checking for strip
configure:5097: found /usr/bin/strip
configure:5108: result: strip
configure:5180: checking for ranlib
configure:5196: found /usr/bin/ranlib
configure:5207: result: ranlib
configure:5284: checking for gawk
configure:5314: result: no
configure:5284: checking for mawk
configure:5300: found /usr/bin/mawk
configure:5311: result: mawk
configure:5351: checking command to parse /usr/bin/nm -B output from gcc object
configure:5471: gcc -c -g -O2  conftest.c >&5
configure:5474: $? = 0
configure:5478: /usr/bin/nm -B conftest.o \| sed -n -e 's/^.*[ ]\([ABCDGIRSTW][ABCDGIRSTW]*\)[ ][ ]*\([_A-Za-z][_A-Za-z0-9]*\)$/\1 \2 \2/p' | sed '/ __gnu_lto/d' \> conftest.nm
configure:5481: $? = 0
configure:5547: gcc -o conftest -g -O2   conftest.c conftstm.o >&5
configure:5550: $? = 0
configure:5588: result: ok
configure:5625: checking for sysroot
configure:5655: result: no
configure:5732: gcc -c -g -O2  conftest.c >&5
configure:5735: $? = 0
configure:5924: checking for mt
configure:5940: found /bin/mt
configure:5951: result: mt
configure:5974: checking if mt is a manifest tool
configure:5980: mt '-?'
configure:5988: result: no
configure:6630: checking how to run the C preprocessor
configure:6661: gcc -E  conftest.c
configure:6661: $? = 0
configure:6675: gcc -E  conftest.c
conftest.c:9:28: fatal error: ac_nonexistent.h: No such file or directory
 #include <ac_nonexistent.h>
                            ^
compilation terminated.
configure:6675: $? = 1
configure: failed program was:
| /* confdefs.h */
| #define PACKAGE_NAME "jsonrpc-c"
| #define PACKAGE_TARNAME "jsonrpc-c"
| #define PACKAGE_VERSION "0.1"
| #define PACKAGE_STRING "jsonrpc-c 0.1"
| #define PACKAGE_BUGREPORT "hmng@farol.pt"
| #define PACKAGE_URL ""
| /* end confdefs.h.  */
| #include <ac_nonexistent.h>
configure:6700: result: gcc -E
configure:6720: gcc -E  conftest.c
configure:6720: $? = 0
configure:6734: gcc -E  conftest.c
conftest.c:9:28: fatal error: ac_nonexistent.h: No such file or directory
 #include <ac_nonexistent.h>
                            ^
compilation terminated.
configure:6734: $? = 1
configure: failed program was:
| /* confdefs.h */
| #define PACKAGE_NAME "jsonrpc-c"
| #define PACKAGE_TARNAME "jsonrpc-c"
| #define PACKAGE_VERSION "0.1"
| #define PACKAGE_STRING "jsonrpc-c 0.1"
| #define PACKAGE_BUGREPORT "hmng@farol.pt"
| #define PACKAGE_URL ""
| /* end confdefs.h.  */
| #include <ac_nonexistent.h>
configure:6763: checking for ANSI C header files
configure:6783: gcc -c -g -O2  conftest.c >&5
configure:6783: $? = 0
configure:6856: gcc -o conftest -g -O2   conftest.c  >&5
configure:6856: $? = 0
configure:6856: ./conftest
configure:6856: $? = 0
configure:6867: result: yes
configure:6880: checking for sys/types.h
configure:6880: gcc -c -g -O2  conftest.c >&5
configure:6880: $? = 0
configure:6880: result: yes
configure:6880: checking for sys/stat.h
configure:6880: gcc -c -g -O2  conftest.c >&5
configure:6880: $? = 0
configure:6880: result: yes
configure:6880: checking for stdlib.h
configure:6880: gcc -c -g -O2  conftest.c >&5
configure:6880: $? = 0
configure:6880: result: yes
configure:6880: checking for string.h
configure:6880: gcc -c -g -O2  conftest.c >&5
configure:6880: $? = 0
configure:6880: result: yes
configure:6880: checking for memory.h
configure:6880: gcc -c -g -O2  conftest.c >&5
configure:6880: $? = 0
configure:6880: result: yes
configure:6880: checking for strings.h
configure:6880: gcc -c -g -O2  conftest.c >&5
configure:6880: $? = 0
configure:6880: result: yes
configure:6880: checking for inttypes.h
configure:6880: gcc -c -g -O2  conftest.c >&5
configure:6880: $? = 0
configure:6880: result: yes
configure:6880: checking for stdint.h
configure:6880: gcc -c -g -O2  conftest.c >&5
configure:6880: $? = 0
configure:6880: result: yes
configure:6880: checking for unistd.h
configure:6880: gcc -c -g -O2  conftest.c >&5
configure:6880: $? = 0
configure:6880: result: yes
configure:6894: checking for dlfcn.h
configure:6894: gcc -c -g -O2  conftest.c >&5
configure:6894: $? = 0
configure:6894: result: yes
configure:7100: checking for objdir
configure:7115: result: .libs
configure:7382: checking if gcc supports -fno-rtti -fno-exceptions
configure:7400: gcc -c -g -O2  -fno-rtti -fno-exceptions conftest.c >&5
cc1: warning: command line option '-fno-rtti' is valid for C++/ObjC++ but not for C [enabled by default]
configure:7404: $? = 0
configure:7417: result: no
configure:7744: checking for gcc option to produce PIC
configure:7751: result: -fPIC -DPIC
configure:7759: checking if gcc PIC flag -fPIC -DPIC works
configure:7777: gcc -c -g -O2  -fPIC -DPIC -DPIC conftest.c >&5
configure:7781: $? = 0
configure:7794: result: yes
configure:7823: checking if gcc static flag -static works
configure:7851: result: yes
configure:7866: checking if gcc supports -c -o file.o
configure:7887: gcc -c -g -O2  -o out/conftest2.o conftest.c >&5
configure:7891: $? = 0
configure:7913: result: yes
configure:7921: checking if gcc supports -c -o file.o
configure:7968: result: yes
configure:8001: checking whether the gcc linker (/usr/bin/ld -m elf_x86_64) supports shared libraries
configure:9158: result: yes
configure:9195: checking whether -lc should be explicitly linked in
configure:9203: gcc -c -g -O2  conftest.c >&5
configure:9206: $? = 0
configure:9221: gcc -shared  -fPIC -DPIC conftest.o  -v -Wl,-soname -Wl,conftest -o conftest 2\>\&1 \| /bin/grep  -lc  \>/dev/null 2\>\&1
configure:9224: $? = 0
configure:9238: result: no
configure:9398: checking dynamic linker characteristics
configure:9898: gcc -o conftest -g -O2   -Wl,-rpath -Wl,/foo conftest.c  >&5
configure:9898: $? = 0
configure:10132: result: GNU/Linux ld.so
configure:10239: checking how to hardcode library paths into programs
configure:10264: result: immediate
configure:10804: checking whether stripping libraries is possible
configure:10809: result: yes
configure:10844: checking if libtool supports shared libraries
configure:10846: result: yes
configure:10849: checking whether to build shared libraries
configure:10870: result: yes
configure:10873: checking whether to build static libraries
configure:10877: result: yes
configure:10930: checking for a BSD-compatible install
configure:10998: result: /usr/bin/install -c
configure:11009: checking whether build environment is sane
configure:11064: result: yes
configure:11099: WARNING: 'missing' script is too old or missing
configure:11212: checking for a thread-safe mkdir -p
configure:11251: result: /bin/mkdir -p
configure:11254: checking whether make sets $(MAKE)
configure:11276: result: yes
configure:11306: checking for style of include used by make
configure:11334: result: GNU
configure:11368: checking whether make supports nested variables
configure:11385: result: yes
configure:11470: checking dependency style of gcc
configure:11581: result: gcc3
configure:11686: checking for gcc
configure:11713: result: gcc
configure:11942: checking for C compiler version
configure:11951: gcc --version >&5
gcc (Ubuntu 4.8.4-2ubuntu1~14.04) 4.8.4
Copyright (C) 2013 Free Software Foundation, Inc.
This is free software; see the source for copying conditions.  There is NO
warranty; not even for MERCHANTABILITY or FITNESS FOR A PARTICULAR PURPOSE.

configure:11962: $? = 0
configure:11951: gcc -v >&5
Using built-in specs.
COLLECT_GCC=gcc
COLLECT_LTO_WRAPPER=/usr/lib/gcc/x86_64-linux-gnu/4.8/lto-wrapper
Target: x86_64-linux-gnu
Configured with: ../src/configure -v --with-pkgversion='Ubuntu 4.8.4-2ubuntu1~14.04' --with-bugurl=file:///usr/share/doc/gcc-4.8/README.Bugs --enable-languages=c,c++,java,go,d,fortran,objc,obj-c++ --prefix=/usr --program-suffix=-4.8 --enable-shared --enable-linker-build-id --libexecdir=/usr/lib --without-included-gettext --enable-threads=posix --with-gxx-include-dir=/usr/include/c++/4.8 --libdir=/usr/lib --enable-nls --with-sysroot=/ --enable-clocale=gnu --enable-libstdcxx-debug --enable-libstdcxx-time=yes --enable-gnu-unique-object --disable-libmudflap --enable-plugin --with-system-zlib --disable-browser-plugin --enable-java-awt=gtk --enable-gtk-cairo --with-java-home=/usr/lib/jvm/java-1.5.0-gcj-4.8-amd64/jre --enable-java-home --with-jvm-root-dir=/usr/lib/jvm/java-1.5.0-gcj-4.8-amd64 --with-jvm-jar-dir=/usr/lib/jvm-exports/java-1.5.0-gcj-4.8-amd64 --with-arch-directory=amd64 --with-ecj-jar=/usr/share/java/eclipse-ecj.jar --enable-objc-gc --enable-multiarch --disable-werror --with-arch-32=i686 --with-abi=m64 --with-multilib-list=m32,m64,mx32 --with-tune=generic --enable-checking=release --build=x86_64-linux-gnu --host=x86_64-linux-gnu --target=x86_64-linux-gnu
Thread model: posix
gcc version 4.8.4 (Ubuntu 4.8.4-2ubuntu1~14.04) 
configure:11962: $? = 0
configure:11951: gcc -V >&5
gcc: error: unrecognized command line option '-V'
gcc: fatal error: no input files
compilation terminated.
configure:11962: $? = 4
configure:11951: gcc -qversion >&5
gcc: error: unrecognized command line option '-qversion'
gcc: fatal error: no input files
compilation terminated.
configure:11962: $? = 4
configure:11966: checking whether we are using the GNU C compiler
configure:11994: result: yes
configure:12003: checking whether gcc accepts -g
configure:12064: result: yes
configure:12081: checking for gcc option to accept ISO C89
configure:12157: result: none needed
configure:12182: checking whether gcc understands -c and -o together
configure:12219: result: yes
configure:12242: checking for libev support
configure:12310: checking for pkg-config
configure:12328: found /usr/bin/pkg-config
configure:12340: result: /usr/bin/pkg-config
configure:12365: checking pkg-config is at least version 0.9.0
configure:12368: result: yes
configure:12378: checking for LIBEV
configure:12385: $PKG_CONFIG --exists --print-errors "libev"
Package libev was not found in the pkg-config search path.
Perhaps you should add the directory containing `libev.pc'
to the PKG_CONFIG_PATH environment variable
No package 'libev' found
configure:12388: $? = 1
configure:12402: $PKG_CONFIG --exists --print-errors "libev"
Package libev was not found in the pkg-config search path.
Perhaps you should add the directory containing `libev.pc'
to the PKG_CONFIG_PATH environment variable
No package 'libev' found
configure:12405: $? = 1
configure:12419: result: no
No package 'libev' found
configure:12443: checking ev.h usability
configure:12443: gcc -c -g -O2  conftest.c >&5
configure:12443: $? = 0
configure:12443: result: yes
configure:12443: checking ev.h presence
configure:12443: gcc -E  conftest.c
configure:12443: $? = 0
configure:12443: result: yes
configure:12443: checking for ev.h
configure:12443: result: yes
configure:12449: checking for ev_time in -lev
configure:12474: gcc -o conftest -g -O2   conftest.c -lev   >&5
configure:12474: $? = 0
configure:12483: result: yes
configure:12706: checking that generated files are newer than configure
configure:12712: result: done
configure:12735: creating ./config.status

## ---------------------- ##
## Running config.status. ##
## ---------------------- ##

This file was extended by jsonrpc-c config.status 0.1, which was
generated by GNU Autoconf 2.69.  Invocation command line was

  CONFIG_FILES    = 
  CONFIG_HEADERS  = 
  CONFIG_LINKS    = 
  CONFIG_COMMANDS = 
  $ ./config.status 

on alvinganteng-VirtualBox

config.status:1089: creating Makefile
config.status:1089: creating include/Makefile
config.status:1089: creating src/Makefile
config.status:1075: error: cannot find input file: `example/Makefile.in'

## ---------------- ##
## Cache variables. ##
## ---------------- ##

ac_cv_build=x86_64-unknown-linux-gnu
ac_cv_c_compiler_gnu=yes
ac_cv_env_CC_set=
ac_cv_env_CC_value=
ac_cv_env_CFLAGS_set=
ac_cv_env_CFLAGS_value=
ac_cv_env_CPPFLAGS_set=
ac_cv_env_CPPFLAGS_value=
ac_cv_env_CPP_set=
ac_cv_env_CPP_value=
ac_cv_env_LDFLAGS_set=
ac_cv_env_LDFLAGS_value=
ac_cv_env_LIBEV_CFLAGS_set=
ac_cv_env_LIBEV_CFLAGS_value=
ac_cv_env_LIBEV_LIBS_set=
ac_cv_env_LIBEV_LIBS_value=
ac_cv_env_LIBS_set=
ac_cv_env_LIBS_value=
ac_cv_env_PKG_CONFIG_LIBDIR_set=
ac_cv_env_PKG_CONFIG_LIBDIR_value=
ac_cv_env_PKG_CONFIG_PATH_set=
ac_cv_env_PKG_CONFIG_PATH_value=
ac_cv_env_PKG_CONFIG_set=
ac_cv_env_PKG_CONFIG_value=
ac_cv_env_build_alias_set=
ac_cv_env_build_alias_value=
ac_cv_env_host_alias_set=
ac_cv_env_host_alias_value=
ac_cv_env_target_alias_set=
ac_cv_env_target_alias_value=
ac_cv_header_dlfcn_h=yes
ac_cv_header_ev_h=yes
ac_cv_header_inttypes_h=yes
ac_cv_header_memory_h=yes
ac_cv_header_stdc=yes
ac_cv_header_stdint_h=yes
ac_cv_header_stdlib_h=yes
ac_cv_header_string_h=yes
ac_cv_header_strings_h=yes
ac_cv_header_sys_stat_h=yes
ac_cv_header_sys_types_h=yes
ac_cv_header_unistd_h=yes
ac_cv_host=x86_64-unknown-linux-gnu
ac_cv_lib_ev_ev_time=yes
ac_cv_objext=o
ac_cv_path_EGREP='/bin/grep -E'
ac_cv_path_FGREP='/bin/grep -F'
ac_cv_path_GREP=/bin/grep
ac_cv_path_SED=/bin/sed
ac_cv_path_ac_pt_PKG_CONFIG=/usr/bin/pkg-config
ac_cv_path_install='/usr/bin/install -c'
ac_cv_path_mkdir=/bin/mkdir
ac_cv_prog_AWK=mawk
ac_cv_prog_CPP='gcc -E'
ac_cv_prog_ac_ct_AR=ar
ac_cv_prog_ac_ct_CC=gcc
ac_cv_prog_ac_ct_MANIFEST_TOOL=mt
ac_cv_prog_ac_ct_OBJDUMP=objdump
ac_cv_prog_ac_ct_RANLIB=ranlib
ac_cv_prog_ac_ct_STRIP=strip
ac_cv_prog_cc_c89=
ac_cv_prog_cc_g=yes
ac_cv_prog_make_make_set=yes
am_cv_CC_dependencies_compiler_type=gcc3
am_cv_ar_interface=ar
am_cv_make_support_nested_variables=yes
am_cv_prog_cc_c_o=yes
lt_cv_ar_at_file=@
lt_cv_archive_cmds_need_lc=no
lt_cv_deplibs_check_method=pass_all
lt_cv_file_magic_cmd='$MAGIC_CMD'
lt_cv_file_magic_test_file=
lt_cv_ld_reload_flag=-r
lt_cv_nm_interface='BSD nm'
lt_cv_objdir=.libs
lt_cv_path_LD=/usr/bin/ld
lt_cv_path_NM='/usr/bin/nm -B'
lt_cv_path_mainfest_tool=no
lt_cv_prog_compiler_c_o=yes
lt_cv_prog_compiler_pic='-fPIC -DPIC'
lt_cv_prog_compiler_pic_works=yes
lt_cv_prog_compiler_rtti_exceptions=no
lt_cv_prog_compiler_static_works=yes
lt_cv_prog_gnu_ld=yes
lt_cv_sharedlib_from_linklib_cmd='printf %s\n'
lt_cv_shlibpath_overrides_runpath=no
lt_cv_sys_global_symbol_pipe='sed -n -e '\''s/^.*[	 ]\([ABCDGIRSTW][ABCDGIRSTW]*\)[	 ][	 ]*\([_A-Za-z][_A-Za-z0-9]*\)$/\1 \2 \2/p'\'' | sed '\''/ __gnu_lto/d'\'''
lt_cv_sys_global_symbol_to_c_name_address='sed -n -e '\''s/^: \([^ ]*\)[ ]*$/  {\"\1\", (void *) 0},/p'\'' -e '\''s/^[ABCDGIRSTW]* \([^ ]*\) \([^ ]*\)$/  {"\2", (void *) \&\2},/p'\'''
lt_cv_sys_global_symbol_to_c_name_address_lib_prefix='sed -n -e '\''s/^: \([^ ]*\)[ ]*$/  {\"\1\", (void *) 0},/p'\'' -e '\''s/^[ABCDGIRSTW]* \([^ ]*\) \(lib[^ ]*\)$/  {"\2", (void *) \&\2},/p'\'' -e '\''s/^[ABCDGIRSTW]* \([^ ]*\) \([^ ]*\)$/  {"lib\2", (void *) \&\2},/p'\'''
lt_cv_sys_global_symbol_to_cdecl='sed -n -e '\''s/^T .* \(.*\)$/extern int \1();/p'\'' -e '\''s/^[ABCDGIRSTW]* .* \(.*\)$/extern char \1;/p'\'''
lt_cv_sys_max_cmd_len=1572864
lt_cv_to_host_file_cmd=func_convert_file_noop
lt_cv_to_tool_file_cmd=func_convert_file_noop

## ----------------- ##
## Output variables. ##
## ----------------- ##

ACLOCAL='aclocal-1.14'
AMDEPBACKSLASH='\'
AMDEP_FALSE='#'
AMDEP_TRUE=''
AMTAR='$${TAR-tar}'
AM_BACKSLASH='\'
AM_DEFAULT_V='$(AM_DEFAULT_VERBOSITY)'
AM_DEFAULT_VERBOSITY='1'
AM_V='$(V)'
AR='ar'
AUTOCONF='autoconf'
AUTOHEADER='autoheader'
AUTOMAKE='automake-1.14'
AWK='mawk'
CC='gcc'
CCDEPMODE='depmode=gcc3'
CFLAGS='-g -O2'
CPP='gcc -E'
CPPFLAGS=''
CYGPATH_W='echo'
DEFS='-DHAVE_CONFIG_H'
DEPDIR='.deps'
DLLTOOL='false'
DSYMUTIL=''
DUMPBIN=''
ECHO_C=''
ECHO_N='-n'
ECHO_T=''
EGREP='/bin/grep -E'
EXEEXT=''
FGREP='/bin/grep -F'
GREP='/bin/grep'
INSTALL_DATA='${INSTALL} -m 644'
INSTALL_PROGRAM='${INSTALL}'
INSTALL_SCRIPT='${INSTALL}'
INSTALL_STRIP_PROGRAM='$(install_sh) -c -s'
LD='/usr/bin/ld -m elf_x86_64'
LDFLAGS=''
LIBEV_CFLAGS=''
LIBEV_LIBS='-lev'
LIBOBJS=''
LIBS=''
LIBTOOL='$(SHELL) $(top_builddir)/libtool'
LIPO=''
LN_S='ln -s'
LTLIBOBJS=''
MAKEINFO='makeinfo'
MANIFEST_TOOL=':'
MKDIR_P='/bin/mkdir -p'
NM='/usr/bin/nm -B'
NMEDIT=''
OBJDUMP='objdump'
OBJEXT='o'
OTOOL64=''
OTOOL=''
PACKAGE='jsonrpc-c'
PACKAGE_BUGREPORT='hmng@farol.pt'
PACKAGE_NAME='jsonrpc-c'
PACKAGE_STRING='jsonrpc-c 0.1'
PACKAGE_TARNAME='jsonrpc-c'
PACKAGE_URL=''
PACKAGE_VERSION='0.1'
PATH_SEPARATOR=':'
PKG_CONFIG='/usr/bin/pkg-config'
PKG_CONFIG_LIBDIR=''
PKG_CONFIG_PATH=''
RANLIB='ranlib'
SED='/bin/sed'
SET_MAKE=''
SHELL='/bin/bash'
STRIP='strip'
VERSION='0.1'
ac_ct_AR='ar'
ac_ct_CC='gcc'
ac_ct_DUMPBIN=''
am__EXEEXT_FALSE=''
am__EXEEXT_TRUE='#'
am__fastdepCC_FALSE='#'
am__fastdepCC_TRUE=''
am__include='include'
am__isrc=''
am__leading_dot='.'
am__nodep='_no'
am__quote=''
am__tar='$${TAR-tar} chof - "$$tardir"'
am__untar='$${TAR-tar} xf -'
bindir='${exec_prefix}/bin'
build='x86_64-unknown-linux-gnu'
build_alias=''
build_cpu='x86_64'
build_os='linux-gnu'
build_vendor='unknown'
datadir='${datarootdir}'
datarootdir='${prefix}/share'
docdir='${datarootdir}/doc/${PACKAGE_TARNAME}'
dvidir='${docdir}'
exec_prefix='${prefix}'
host='x86_64-unknown-linux-gnu'
host_alias=''
host_cpu='x86_64'
host_os='linux-gnu'
host_vendor='unknown'
htmldir='${docdir}'
includedir='${prefix}/include'
infodir='${datarootdir}/info'
install_sh='${SHELL} /home/apin/install-sh'
libdir='${exec_prefix}/lib'
libexecdir='${exec_prefix}/libexec'
localedir='${datarootdir}/locale'
localstatedir='${prefix}/var'
mandir='${datarootdir}/man'
mkdir_p='$(MKDIR_P)'
oldincludedir='/usr/include'
pdfdir='${docdir}'
prefix='/usr/local'
program_transform_name='s,x,x,'
psdir='${docdir}'
sbindir='${exec_prefix}/sbin'
sharedstatedir='${prefix}/com'
sysconfdir='${prefix}/etc'
target_alias=''

## ----------- ##
## confdefs.h. ##
## ----------- ##

/* confdefs.h */
#define PACKAGE_NAME "jsonrpc-c"
#define PACKAGE_TARNAME "jsonrpc-c"
#define PACKAGE_VERSION "0.1"
#define PACKAGE_STRING "jsonrpc-c 0.1"
#define PACKAGE_BUGREPORT "hmng@farol.pt"
#define PACKAGE_URL ""
#define STDC_HEADERS 1
#define HAVE_SYS_TYPES_H 1
#define HAVE_SYS_STAT_H 1
#define HAVE_STDLIB_H 1
#define HAVE_STRING_H 1
#define HAVE_MEMORY_H 1
#define HAVE_STRINGS_H 1
#define HAVE_INTTYPES_H 1
#define HAVE_STDINT_H 1
#define HAVE_UNISTD_H 1
#define HAVE_DLFCN_H 1
#define LT_OBJDIR ".libs/"
#define PACKAGE "jsonrpc-c"
#define VERSION "0.1"
#define HAVE_EV_H 1

configure: exit 1
